C51 COMPILER V8.12   DISPLAY_SQRT_BW_RANGE                                                 03/23/2025 20:18:40 PAGE 1   


C51 COMPILER V8.12, COMPILATION OF MODULE DISPLAY_SQRT_BW_RANGE
OBJECT MODULE PLACED IN Display_sqrt_bw_range.OBJ
COMPILER INVOKED BY: C:\Keil\C51\BIN\C51.EXE Display_sqrt_bw_range.c BROWSE DEBUG OBJECTEXTEND

line level    source

   1          #include <REGX51.h>
   2          #include <stdio.h>
   3          #include <math.h>
   4          
   5          #define LCDPORT P3
   6          #define COMMAND 0x01
   7          #define CHARACTER 0x02
   8          
   9          sbit RS = P2^0;
  10          sbit RW = P2^1;
  11          sbit E = P2^2;
  12          
  13          void Delay(unsigned char ms)
  14          {
  15   1          unsigned char i;
  16   1          unsigned int j;
  17   1          for (i = 0; i < ms; i++)
  18   1              for (j = 0; j < 1275; j++);
  19   1      }
  20          
  21          void SendData(unsigned char dat, unsigned char type)
  22          {
  23   1          if (type == COMMAND)
  24   1              RS = 0;
  25   1          else if (type == CHARACTER)
  26   1              RS = 1;
  27   1          RW = 0;
  28   1          E = 1;
  29   1          LCDPORT = dat;
  30   1          E = 0;
  31   1          Delay(10);
  32   1          E = 1;
  33   1      }
  34          
  35          void WriteString(unsigned char *str)
  36          {
  37   1          unsigned int i = 0;
  38   1          while (str[i] != '\0')
  39   1          {
  40   2              SendData(str[i], CHARACTER);
  41   2              i++;
  42   2          }
  43   1      }
  44          
  45          void InitializeLCD()
  46          {
  47   1          SendData(0x38, COMMAND);
  48   1          SendData(0x0F, COMMAND);
  49   1          SendData(0x06, COMMAND);
  50   1          SendData(0x01, COMMAND);
  51   1          SendData(0x80, COMMAND);
  52   1      }
  53          
  54          void main()
  55          {
C51 COMPILER V8.12   DISPLAY_SQRT_BW_RANGE                                                 03/23/2025 20:18:40 PAGE 2   

  56   1          unsigned int x;
  57   1          unsigned char buffer[50];
  58   1      
  59   1          LCDPORT = 0x00;
  60   1          RS = 0;
  61   1          RW = 0;
  62   1          E = 0;
  63   1          InitializeLCD();
  64   1      
  65   1          for (x = 0; x <= 10; x++)
  66   1          {
  67   2              sprintf(buffer, "SQR.RT(%d) = %.2f", x, sqrt(x));
  68   2              WriteString(buffer);
  69   2              Delay(100);
  70   2              SendData(0x01, COMMAND);
  71   2              SendData(0x80, COMMAND);
  72   2          }
  73   1      
  74   1          while (1);
  75   1      }


MODULE INFORMATION:   STATIC OVERLAYABLE
   CODE SIZE        =    240    ----
   CONSTANT SIZE    =     18    ----
   XDATA SIZE       =   ----    ----
   PDATA SIZE       =   ----    ----
   DATA SIZE        =   ----      57
   IDATA SIZE       =   ----    ----
   BIT SIZE         =   ----    ----
END OF MODULE INFORMATION.


C51 COMPILATION COMPLETE.  0 WARNING(S),  0 ERROR(S)
