C51 COMPILER V8.12   VALUES_OF_SIN_THETA                                                   03/23/2025 19:55:40 PAGE 1   


C51 COMPILER V8.12, COMPILATION OF MODULE VALUES_OF_SIN_THETA
OBJECT MODULE PLACED IN Values_of_sin_theta.OBJ
COMPILER INVOKED BY: C:\Keil\C51\BIN\C51.EXE Values_of_sin_theta.c BROWSE DEBUG OBJECTEXTEND

line level    source

   1          #include <REGX51.h>
   2          #include <stdio.h>
   3          #include <math.h>
   4          
   5          #define LCDPORT P3
   6          #define COMMAND 0x01
   7          #define CHARACTER 0x02
   8          
   9          sbit RS = P2^0;
  10          sbit RW = P2^1;
  11          sbit E = P2^2;
  12          
  13          void Delay(unsigned char ms)
  14          {
  15   1              unsigned char i;
  16   1              unsigned int j;
  17   1              for (i = 0; i < ms; i++)
  18   1               for(j = 0; j < 1275; j++);
  19   1      }
  20          void SendData(unsigned char dat, unsigned char type)
  21          {
  22   1              if(type == COMMAND)
  23   1               RS = 0;
  24   1               else if(type == CHARACTER)
  25   1               RS = 1;
  26   1               RW = 0;
  27   1               E = 1;
  28   1      
  29   1               LCDPORT = dat;
  30   1      
  31   1               E = 0;
  32   1               Delay(10);
  33   1               E = 1;
  34   1      }
  35          void WriteString(unsigned char *str)
  36          {
  37   1       unsigned int i = 0;
  38   1       while(str[i] != '\0')
  39   1       {
  40   2              SendData(str[i], CHARACTER);
  41   2              i++;
  42   2       }
  43   1      }
  44          void InitializeLCD()
  45          {
  46   1       SendData(0x38, COMMAND);
  47   1       SendData(0x0F, COMMAND);
  48   1       SendData(0x06, COMMAND);
  49   1       SendData(0x01, COMMAND);
  50   1       SendData(0x80, COMMAND);
  51   1      }
  52          void main()
  53          {
  54   1       unsigned int theta;
  55   1       unsigned char buffer[50];
C51 COMPILER V8.12   VALUES_OF_SIN_THETA                                                   03/23/2025 19:55:40 PAGE 2   

  56   1      
  57   1       LCDPORT = 0x00;
  58   1      
  59   1       RS = 0;
  60   1       RW = 0;
  61   1       E = 0;
  62   1       InitializeLCD();
  63   1       for(theta = 0; theta <= 360; theta++)
  64   1       {
  65   2              sprintf(buffer, "sin(%d) = %f",theta,
  66   2              sin(theta*3.14159/180.0));
  67   2              WriteString(buffer);
  68   2              Delay(100);
  69   2              SendData(0x01, COMMAND);
  70   2              SendData(0x80, COMMAND);
  71   2       }
  72   1       while(1);
  73   1      } 


MODULE INFORMATION:   STATIC OVERLAYABLE
   CODE SIZE        =    261    ----
   CONSTANT SIZE    =     13    ----
   XDATA SIZE       =   ----    ----
   PDATA SIZE       =   ----    ----
   DATA SIZE        =   ----      57
   IDATA SIZE       =   ----    ----
   BIT SIZE         =   ----    ----
END OF MODULE INFORMATION.


C51 COMPILATION COMPLETE.  0 WARNING(S),  0 ERROR(S)
