C51 COMPILER V8.12   EXAMPLE1                                                              03/23/2025 22:01:18 PAGE 1   


C51 COMPILER V8.12, COMPILATION OF MODULE EXAMPLE1
OBJECT MODULE PLACED IN Example1.OBJ
COMPILER INVOKED BY: C:\Keil\C51\BIN\C51.EXE Example1.c BROWSE DEBUG OBJECTEXTEND

line level    source

   1          #include <reg52.h>
   2          
   3          #define ADC_PORT P1
   4          #define LED_PORT P2
   5                                  
   6          unsigned char adc_data;
   7          
   8          sbit rd = P3^0; 
   9          sbit wr = P3^1; 
  10          sbit intr = P3^2; 
  11          
  12          void adc_conversion()
  13          { 
  14   1              wr = 0; 
  15   1              wr = 1; 
  16   1              while(intr); 
  17   1      }
  18          void read_adc()
  19          {
  20   1              rd = 0; 
  21   1              adc_data = ADC_PORT; 
  22   1              rd = 1; 
  23   1      }
  24          
  25          void main()
  26          {
  27   1              P2 = 0x00; 
  28   1              P1 = 0xFF;
  29   1              while(1)
  30   1              {
  31   2                      adc_conversion();
  32   2                      read_adc();
  33   2                      LED_PORT = adc_data;
  34   2              }
  35   1      }


MODULE INFORMATION:   STATIC OVERLAYABLE
   CODE SIZE        =     33    ----
   CONSTANT SIZE    =   ----    ----
   XDATA SIZE       =   ----    ----
   PDATA SIZE       =   ----    ----
   DATA SIZE        =      1    ----
   IDATA SIZE       =   ----    ----
   BIT SIZE         =   ----    ----
END OF MODULE INFORMATION.


C51 COMPILATION COMPLETE.  0 WARNING(S),  0 ERROR(S)
