C51 COMPILER V8.12   BLINKIG_ALL_LEDS                                                      03/23/2025 14:28:11 PAGE 1   


C51 COMPILER V8.12, COMPILATION OF MODULE BLINKIG_ALL_LEDS
OBJECT MODULE PLACED IN Blinkig_all_Leds.OBJ
COMPILER INVOKED BY: C:\Keil\C51\BIN\C51.EXE Blinkig_all_Leds.c BROWSE DEBUG OBJECTEXTEND

line level    source

   1          #include <REGX51.h>
   2          
   3          void Delay(unsigned char ms)
   4          {
   5   1              unsigned int i;
   6   1              unsigned char j;
   7   1              for (i = 0; i < 1275; i++)
   8   1              for(j = 0; j < ms; j++);
   9   1      }
  10          void main()
  11          {
  12   1              P2 = 0x00;
  13   1              while(1)
  14   1              {
  15   2                      P2 = 0x00;
  16   2                      Delay(100);
  17   2              
  18   2                      P2 = 0xFF;
  19   2                      Delay(100);
  20   2              }
  21   1      }


MODULE INFORMATION:   STATIC OVERLAYABLE
   CODE SIZE        =     44    ----
   CONSTANT SIZE    =   ----    ----
   XDATA SIZE       =   ----    ----
   PDATA SIZE       =   ----    ----
   DATA SIZE        =   ----    ----
   IDATA SIZE       =   ----    ----
   BIT SIZE         =   ----    ----
END OF MODULE INFORMATION.


C51 COMPILATION COMPLETE.  0 WARNING(S),  0 ERROR(S)
