C51 COMPILER V8.12   BLINK_LEDS__ALTERNATIVELY                                             03/23/2025 16:09:58 PAGE 1   


C51 COMPILER V8.12, COMPILATION OF MODULE BLINK_LEDS__ALTERNATIVELY
OBJECT MODULE PLACED IN Blink_leds _alternatively.OBJ
COMPILER INVOKED BY: C:\Keil\C51\BIN\C51.EXE Blink_leds _alternatively.c BROWSE DEBUG OBJECTEXTEND

line level    source

   1          #include <REGX51.h>
   2          
   3          void delay(unsigned char ms)
   4          {
   5   1              unsigned int i;
   6   1              unsigned char j;
   7   1              for (i = 0; i < 1275; i++)
   8   1              for(j = 0; j < ms; j++);
   9   1      }
  10          void main()
  11          {
  12   1              int i;
  13   1              P2 = 0x00;
  14   1              while(1)
  15   1              {
  16   2                      P2=~0x55;
  17   2                      delay(50);
  18   2                      P2=~0xAA;
  19   2                      delay(50);
  20   2      
  21   2              }
  22   1      }
*** WARNING C280 IN LINE 12 OF BLINK_LEDS _ALTERNATIVELY.C: 'i': unreferenced local variable


MODULE INFORMATION:   STATIC OVERLAYABLE
   CODE SIZE        =     44    ----
   CONSTANT SIZE    =   ----    ----
   XDATA SIZE       =   ----    ----
   PDATA SIZE       =   ----    ----
   DATA SIZE        =   ----       2
   IDATA SIZE       =   ----    ----
   BIT SIZE         =   ----    ----
END OF MODULE INFORMATION.


C51 COMPILATION COMPLETE.  1 WARNING(S),  0 ERROR(S)
