C51 COMPILER V8.12   SINE_WAVE                                                             03/23/2025 17:24:01 PAGE 1   


C51 COMPILER V8.12, COMPILATION OF MODULE SINE_WAVE
OBJECT MODULE PLACED IN Sine_Wave.OBJ
COMPILER INVOKED BY: C:\Keil\C51\BIN\C51.EXE Sine_Wave.c BROWSE DEBUG OBJECTEXTEND

line level    source

   1          #include <REGX51.h>
   2          #include <math.h>
   3          
   4          #define DACPORT P2
   5          
   6          void main()
   7          {
   8   1       unsigned int i;
   9   1       float value;
  10   1      
  11   1       DACPORT = 0x00;
  12   1       while(1)
  13   1       {
  14   2               for(i = 0; i < 360; i++)
  15   2               {
  16   3                       value = (unsigned char)((sin(i*3.14159f/180.0f)+ 1) * 127);
  17   3                       DACPORT = value;
  18   3               }
  19   2       }
  20   1      }


MODULE INFORMATION:   STATIC OVERLAYABLE
   CODE SIZE        =    101    ----
   CONSTANT SIZE    =   ----    ----
   XDATA SIZE       =   ----    ----
   PDATA SIZE       =   ----    ----
   DATA SIZE        =   ----       6
   IDATA SIZE       =   ----    ----
   BIT SIZE         =   ----    ----
END OF MODULE INFORMATION.


C51 COMPILATION COMPLETE.  0 WARNING(S),  0 ERROR(S)
