C51 COMPILER V8.12   USING_2_DISPLAYS                                                      04/10/2025 21:00:56 PAGE 1   


C51 COMPILER V8.12, COMPILATION OF MODULE USING_2_DISPLAYS
OBJECT MODULE PLACED IN using_2_displays.OBJ
COMPILER INVOKED BY: C:\Keil\C51\BIN\C51.EXE using_2_displays.c BROWSE DEBUG OBJECTEXTEND

line level    source

   1          #include <REGX51.h>
   2          
   3          #define DATAPORT P2
   4          
   5          sbit unit1 = P3^0;
   6          sbit unit2 = P3^1;
   7          
   8          code unsigned char displayCodes[16] = {
   9              0xC0, 0xF9, 0xA4, 0xB0, 0x99, 0x92, 0x82, 0xF8,
  10              0x80, 0x98, 0x88, 0x83, 0xC6, 0xA1, 0x86, 0x8E
  11          };
  12          
  13          void Delay(unsigned char ms)
  14          {
  15   1          unsigned char i;
  16   1          unsigned int j;
  17   1          for (i = 0; i < ms; i++)
  18   1              for (j = 0; j < 1275; j++);
  19   1      }
  20          
  21          void main()
  22          {
  23   1          unsigned char oddNumber, i;
  24   1      
  25   1          DATAPORT = 0x00;
  26   1          unit1 = 0;
  27   1          unit2 = 0;
  28   1      
  29   1          while (1)
  30   1          {
  31   2              for (oddNumber = 1; oddNumber < 20; oddNumber += 2)
  32   2              {
  33   3                  for (i = 0; i < 100; i++)
  34   3                  {
  35   4                      unit1 = 0;
  36   4                      DATAPORT = displayCodes[oddNumber & 0x0F];
  37   4                      unit2 = 1;
  38   4                      Delay(1);
  39   4      
  40   4                      unit2 = 0;
  41   4                      DATAPORT = displayCodes[(oddNumber & 0xF0) >> 4];
  42   4                      unit1 = 1;
  43   4                      Delay(1);
  44   4                  }
  45   3              }
  46   2          }
  47   1      }


MODULE INFORMATION:   STATIC OVERLAYABLE
   CODE SIZE        =     86    ----
   CONSTANT SIZE    =     16    ----
   XDATA SIZE       =   ----    ----
   PDATA SIZE       =   ----    ----
   DATA SIZE        =   ----    ----
C51 COMPILER V8.12   USING_2_DISPLAYS                                                      04/10/2025 21:00:56 PAGE 2   

   IDATA SIZE       =   ----    ----
   BIT SIZE         =   ----    ----
END OF MODULE INFORMATION.


C51 COMPILATION COMPLETE.  0 WARNING(S),  0 ERROR(S)
