C51 COMPILER V8.12   MAIN                                                                  03/23/2025 22:22:52 PAGE 1   


C51 COMPILER V8.12, COMPILATION OF MODULE MAIN
OBJECT MODULE PLACED IN main.OBJ
COMPILER INVOKED BY: C:\Keil\C51\BIN\C51.EXE main.c BROWSE DEBUG OBJECTEXTEND

line level    source

   1          #include <reg52.h>
   2          #include <globals.h>
   3          
   4          void main()
   5          {
   6   1              InitializeLCD();
   7   1              WriteString("ADC VALUE = ");
   8   1              delay(1);
   9   1              while(1)
  10   1              {
  11   2                      adc_conversion();
  12   2                      read_adc();
  13   2                      display();
  14   2              }
  15   1      }


MODULE INFORMATION:   STATIC OVERLAYABLE
   CODE SIZE        =     28    ----
   CONSTANT SIZE    =     13    ----
   XDATA SIZE       =   ----    ----
   PDATA SIZE       =   ----    ----
   DATA SIZE        =   ----    ----
   IDATA SIZE       =   ----    ----
   BIT SIZE         =   ----    ----
END OF MODULE INFORMATION.


C51 COMPILATION COMPLETE.  0 WARNING(S),  0 ERROR(S)
