C51 COMPILER V8.12   EXAMPLE_1                                                             03/23/2025 16:50:47 PAGE 1   


C51 COMPILER V8.12, COMPILATION OF MODULE EXAMPLE_1
OBJECT MODULE PLACED IN Example_1.OBJ
COMPILER INVOKED BY: C:\Keil\C51\BIN\C51.EXE Example_1.c BROWSE DEBUG OBJECTEXTEND

line level    source

   1          #include <reg51.h>
   2          
   3          #define MOTORPORT P2
   4          
   5          unsigned char sequence[]={0x09, 0x03, 0x06, 0x0C};
   6          
   7          void Delay(unsigned char ms)
   8          {
   9   1              unsigned char i;
  10   1              unsigned int j;
  11   1              for (i = 0; i < ms; i++)
  12   1              for(j = 0; j < 1275; j++);
  13   1      }
  14          void RotateClockWise(unsigned int angle)
  15          {
  16   1              unsigned int steps = angle/1.8f;
  17   1              unsigned int i;
  18   1              for(i = 0; i < steps; i++)
  19   1              {
  20   2                      MOTORPORT = sequence[i%4];
  21   2                      Delay(10);
  22   2              }
  23   1      }
  24          void RotateAntiClockWise(unsigned char angle)
  25          {
  26   1              unsigned int steps = angle/1.8f;
  27   1              unsigned int i;
  28   1              for(i = 0; i < steps; i++)
  29   1              {
  30   2                      MOTORPORT = sequence[3 - i%4];
  31   2                      Delay(10);
  32   2              }
  33   1      }
  34          void main()
  35          {
  36   1              while(1)
  37   1              {
  38   2                      RotateClockWise(180);
  39   2                      RotateAntiClockWise(180);
  40   2              }
  41   1      }


MODULE INFORMATION:   STATIC OVERLAYABLE
   CODE SIZE        =    154    ----
   CONSTANT SIZE    =   ----    ----
   XDATA SIZE       =   ----    ----
   PDATA SIZE       =   ----    ----
   DATA SIZE        =      4       4
   IDATA SIZE       =   ----    ----
   BIT SIZE         =   ----    ----
END OF MODULE INFORMATION.


C51 COMPILATION COMPLETE.  0 WARNING(S),  0 ERROR(S)
